mode: atomic
calculator-cli/pkg/reader/reader.go:8.33,10.20 2 1
calculator-cli/pkg/reader/reader.go:13.2,13.11 1 0
calculator-cli/pkg/reader/reader.go:10.20,12.3 1 1
calculator-cli/pkg/calculator/calculator.go:30.34,32.2 1 22
calculator-cli/pkg/calculator/calculator.go:34.60,37.2 2 26
calculator-cli/pkg/calculator/calculator.go:39.65,41.2 1 5
calculator-cli/pkg/calculator/calculator.go:43.65,46.2 2 5
calculator-cli/pkg/calculator/calculator.go:48.63,49.18 1 4
calculator-cli/pkg/calculator/calculator.go:55.2,55.25 1 4
calculator-cli/pkg/calculator/calculator.go:49.18,52.3 2 0
calculator-cli/pkg/calculator/calculator.go:52.8,54.3 1 4
calculator-cli/pkg/calculator/calculator.go:58.55,61.2 2 1
calculator-cli/pkg/calculator/calculator.go:63.53,64.15 1 0
calculator-cli/pkg/calculator/calculator.go:65.2,65.10 1 0
calculator-cli/pkg/calculator/calculator.go:64.15,64.29 1 0
calculator-cli/pkg/calculator/calculator.go:68.50,70.2 1 1
calculator-cli/pkg/handler/handler.go:17.96,18.47 1 10
calculator-cli/pkg/handler/handler.go:21.2,21.33 1 9
calculator-cli/pkg/handler/handler.go:18.47,19.34 1 1
calculator-cli/pkg/handler/handler.go:24.111,25.66 1 2
calculator-cli/pkg/handler/handler.go:25.66,27.3 1 2
calculator-cli/pkg/handler/handler.go:27.8,29.3 1 0
calculator-cli/pkg/handler/handler.go:32.49,39.2 6 1
calculator-cli/pkg/handler/handler.go:41.13,43.2 1 1
calculator-cli/pkg/handler/handler.go:45.79,47.2 1 1
calculator-cli/pkg/handler/handler.go:49.76,51.2 1 5
calculator-cli/pkg/handler/handler.go:53.81,55.2 1 1
calculator-cli/pkg/handler/handler.go:57.81,59.2 1 1
calculator-cli/pkg/handler/handler.go:61.79,63.2 1 1
calculator-cli/pkg/handler/handler.go:65.77,67.2 1 0
calculator-cli/pkg/handler/handler.go:69.79,71.2 1 1
calculator-cli/pkg/parser/parser.go:16.43,20.25 4 4
calculator-cli/pkg/parser/parser.go:23.2,24.19 2 3
calculator-cli/pkg/parser/parser.go:20.25,22.3 1 1
calculator-cli/pkg/parser/parser.go:27.51,29.16 2 5
calculator-cli/pkg/parser/parser.go:33.2,33.16 1 5
calculator-cli/pkg/parser/parser.go:29.16,32.3 2 0
calculator-cli/pkg/renderer/render.go:8.36,10.2 1 1
calculator-cli/pkg/renderer/render.go:12.51,14.2 1 1
calculator-cli/pkg/renderer/render.go:16.50,18.2 1 1
calculator-cli/pkg/renderer/render.go:20.38,22.2 1 1
