mode: atomic
calculator-cli/pkg/reader/reader.go:8.33,10.20 2 1
calculator-cli/pkg/reader/reader.go:13.2,13.11 1 0
calculator-cli/pkg/reader/reader.go:10.20,12.3 1 1
calculator-cli/pkg/parser/parser.go:16.43,20.25 4 4
calculator-cli/pkg/parser/parser.go:23.2,24.19 2 3
calculator-cli/pkg/parser/parser.go:20.25,22.3 1 1
calculator-cli/pkg/parser/parser.go:27.51,29.16 2 5
calculator-cli/pkg/parser/parser.go:33.2,33.16 1 5
calculator-cli/pkg/parser/parser.go:29.16,32.3 2 0
calculator-cli/pkg/renderer/render.go:8.36,10.2 1 1
calculator-cli/pkg/renderer/render.go:12.51,14.2 1 1
calculator-cli/pkg/renderer/render.go:16.50,18.2 1 1
calculator-cli/pkg/renderer/render.go:20.38,22.2 1 1
calculator-cli/pkg/handler/handler.go:15.96,16.47 1 10
calculator-cli/pkg/handler/handler.go:19.2,19.33 1 9
calculator-cli/pkg/handler/handler.go:16.47,17.34 1 1
calculator-cli/pkg/handler/handler.go:22.119,23.66 1 2
calculator-cli/pkg/handler/handler.go:26.2,26.12 1 0
calculator-cli/pkg/handler/handler.go:23.66,25.3 1 2
calculator-cli/pkg/handler/handler.go:29.49,36.2 6 1
calculator-cli/pkg/handler/handler.go:38.13,40.2 1 1
calculator-cli/pkg/handler/handler.go:42.87,44.2 1 1
calculator-cli/pkg/handler/handler.go:46.84,48.2 1 5
calculator-cli/pkg/handler/handler.go:50.89,52.2 1 1
calculator-cli/pkg/handler/handler.go:54.89,56.2 1 1
calculator-cli/pkg/handler/handler.go:58.87,60.2 1 1
calculator-cli/pkg/handler/handler.go:62.85,64.2 1 0
calculator-cli/pkg/handler/handler.go:66.87,68.2 1 1
calculator-cli/pkg/calculator/calculator.go:29.34,31.2 1 21
calculator-cli/pkg/calculator/calculator.go:33.60,36.2 2 25
calculator-cli/pkg/calculator/calculator.go:38.65,40.2 1 5
calculator-cli/pkg/calculator/calculator.go:42.65,45.2 2 5
calculator-cli/pkg/calculator/calculator.go:47.63,48.18 1 4
calculator-cli/pkg/calculator/calculator.go:52.2,53.25 2 4
calculator-cli/pkg/calculator/calculator.go:48.18,51.3 2 0
calculator-cli/pkg/calculator/calculator.go:56.55,59.2 2 1
calculator-cli/pkg/calculator/calculator.go:61.53,62.15 1 0
calculator-cli/pkg/calculator/calculator.go:63.2,63.10 1 0
calculator-cli/pkg/calculator/calculator.go:62.15,62.29 1 0
